Started GET "/" for ::1 at 2020-03-15 18:28:30 +0900
Processing by Rails::WelcomeController#index as HTML
  Rendering C:/Ruby23-x64/lib/ruby/gems/2.3.0/gems/railties-5.1.7/lib/rails/templates/rails/welcome/index.html.erb
  Rendered C:/Ruby23-x64/lib/ruby/gems/2.3.0/gems/railties-5.1.7/lib/rails/templates/rails/welcome/index.html.erb (12.0ms)
Completed 200 OK in 1078ms (Views: 57.2ms)


Started GET "/" for ::1 at 2020-03-15 18:32:09 +0900
Processing by Rails::WelcomeController#index as HTML
  Rendering C:/Ruby23-x64/lib/ruby/gems/2.3.0/gems/railties-5.1.7/lib/rails/templates/rails/welcome/index.html.erb
  Rendered C:/Ruby23-x64/lib/ruby/gems/2.3.0/gems/railties-5.1.7/lib/rails/templates/rails/welcome/index.html.erb (5.0ms)
Completed 200 OK in 282ms (Views: 27.4ms)


Started GET "/welcome/index" for ::1 at 2020-03-15 18:32:59 +0900
Processing by WelcomeController#index as HTML
  Rendering welcome/index.html.erb within layouts/application
  Rendered welcome/index.html.erb within layouts/application (0.0ms)
Completed 200 OK in 2199ms (Views: 2183.6ms)


Started GET "/welcome/index" for ::1 at 2020-03-15 18:33:55 +0900
Processing by WelcomeController#index as HTML
  Rendering welcome/index.html.erb within layouts/application
  Rendered welcome/index.html.erb within layouts/application (0.0ms)
Completed 200 OK in 93ms (Views: 75.0ms)


Started GET "/" for ::1 at 2020-03-15 18:34:59 +0900
  
ArgumentError (Missing :controller key on routes definition, please check your routes.):
  
config/routes.rb:2:in `block in <top (required)>'
config/routes.rb:1:in `<top (required)>'
Started GET "/" for ::1 at 2020-03-15 18:35:16 +0900
Processing by WelcomeController#index as HTML
  Rendering welcome/index.html.erb within layouts/application
  Rendered welcome/index.html.erb within layouts/application (0.0ms)
Completed 200 OK in 100ms (Views: 83.0ms)


Started GET "/new" for ::1 at 2020-03-15 19:07:14 +0900
  
ActionController::RoutingError (No route matches [GET] "/new"):
  
actionpack (5.1.7) lib/action_dispatch/middleware/debug_exceptions.rb:63:in `call'
web-console (3.7.0) lib/web_console/middleware.rb:135:in `call_app'
web-console (3.7.0) lib/web_console/middleware.rb:30:in `block in call'
web-console (3.7.0) lib/web_console/middleware.rb:20:in `catch'
web-console (3.7.0) lib/web_console/middleware.rb:20:in `call'
actionpack (5.1.7) lib/action_dispatch/middleware/show_exceptions.rb:31:in `call'
railties (5.1.7) lib/rails/rack/logger.rb:36:in `call_app'
railties (5.1.7) lib/rails/rack/logger.rb:24:in `block in call'
activesupport (5.1.7) lib/active_support/tagged_logging.rb:69:in `block in tagged'
activesupport (5.1.7) lib/active_support/tagged_logging.rb:26:in `tagged'
activesupport (5.1.7) lib/active_support/tagged_logging.rb:69:in `tagged'
railties (5.1.7) lib/rails/rack/logger.rb:24:in `call'
sprockets-rails (3.2.1) lib/sprockets/rails/quiet_assets.rb:13:in `call'
actionpack (5.1.7) lib/action_dispatch/middleware/remote_ip.rb:79:in `call'
actionpack (5.1.7) lib/action_dispatch/middleware/request_id.rb:25:in `call'
rack (2.2.2) lib/rack/method_override.rb:24:in `call'
rack (2.2.2) lib/rack/runtime.rb:22:in `call'
activesupport (5.1.7) lib/active_support/cache/strategy/local_cache_middleware.rb:27:in `call'
actionpack (5.1.7) lib/action_dispatch/middleware/executor.rb:12:in `call'
actionpack (5.1.7) lib/action_dispatch/middleware/static.rb:125:in `call'
rack (2.2.2) lib/rack/sendfile.rb:110:in `call'
railties (5.1.7) lib/rails/engine.rb:522:in `call'
puma (3.12.4) lib/puma/configuration.rb:227:in `call'
puma (3.12.4) lib/puma/server.rb:675:in `handle_request'
puma (3.12.4) lib/puma/server.rb:476:in `process_client'
puma (3.12.4) lib/puma/server.rb:334:in `block in run'
puma (3.12.4) lib/puma/thread_pool.rb:135:in `block in spawn_thread'
Started GET "/articles/new" for ::1 at 2020-03-15 19:07:30 +0900
Processing by ArticlesController#new as HTML
  Rendering articles/new.html.erb within layouts/application
  Rendered articles/new.html.erb within layouts/application (259.9ms)
Completed 500 Internal Server Error in 586ms


  
ActionView::Template::Error (undefined local variable or method `submit' for #<#<Class:0x00000006103668>:0x000000060faf90>
Did you mean?  submit_tag):
    3: <%= form_for :article, url: articles_path do |f|%>
    4:     <%= f.text_field :title %><br>
    5:     <%= f.text_area :text %><br>
    6:     <%= submit %>
    7: <% end %>
  
app/views/articles/new.html.erb:6:in `block in _app_views_articles_new_html_erb__1478706446_54784500'
app/views/articles/new.html.erb:3:in `_app_views_articles_new_html_erb__1478706446_54784500'
Started GET "/articles/new" for ::1 at 2020-03-15 19:07:51 +0900
Processing by ArticlesController#new as HTML
  Rendering articles/new.html.erb within layouts/application
  Rendered articles/new.html.erb within layouts/application (62.2ms)
Completed 200 OK in 836ms (Views: 809.8ms)


Started POST "/articles" for ::1 at 2020-03-15 19:10:06 +0900
Processing by ArticlesController#create as HTML
  Parameters: {"utf8"=>"✓", "authenticity_token"=>"WJZZbvqYFN+9+9qXH8Gjs/z1hprMfLPy4YUVFXW70vCUMvGUZf4ntpLuRK/GmJmqS7c7JmfFuULflCH7RExKRQ==", "article"=>{"title"=>"こんにちは", "text"=>"いえい"}, "commit"=>"Save Article"}
  Rendering text template
  Rendered text template (0.0ms)
Completed 200 OK in 12ms (Views: 11.2ms)


Started POST "/articles" for ::1 at 2020-03-15 19:10:55 +0900
Processing by ArticlesController#create as HTML
  Parameters: {"utf8"=>"✓", "authenticity_token"=>"WJZZbvqYFN+9+9qXH8Gjs/z1hprMfLPy4YUVFXW70vCUMvGUZf4ntpLuRK/GmJmqS7c7JmfFuULflCH7RExKRQ==", "article"=>{"title"=>"こんにちは", "text"=>"いえい"}, "commit"=>"Save Article"}
  Rendering text template
  Rendered text template (1.0ms)
Completed 200 OK in 2ms (Views: 0.9ms)


Started POST "/articles" for ::1 at 2020-03-15 19:11:03 +0900
Processing by ArticlesController#create as HTML
  Parameters: {"utf8"=>"✓", "authenticity_token"=>"WJZZbvqYFN+9+9qXH8Gjs/z1hprMfLPy4YUVFXW70vCUMvGUZf4ntpLuRK/GmJmqS7c7JmfFuULflCH7RExKRQ==", "article"=>{"title"=>"こんにちは", "text"=>"いえい"}, "commit"=>"Save Article"}
Completed 500 Internal Server Error in 1ms


  
RuntimeError (<ActionController::Parameters {"utf8"=>"✓", "authenticity_token"=>"WJZZbvqYFN+9+9qXH8Gjs/z1hprMfLPy4YUVFXW70vCUMvGUZf4ntpLuRK/GmJmqS7c7JmfFuULflCH7RExKRQ==", "article"=>{"title"=>"こんにちは", "text"=>"いえい"}, "commit"=>"Save Article", "controller"=>"articles", "action"=>"create"} permitted: false>):
  
app/controllers/articles_controller.rb:7:in `create'
  [1m[35m (0.0ms)[0m  [1m[34mSELECT sqlite_version(*)[0m
  [1m[35m (37.5ms)[0m  [1m[35mCREATE TABLE "schema_migrations" ("version" varchar NOT NULL PRIMARY KEY)[0m
  [1m[35m (34.2ms)[0m  [1m[35mCREATE TABLE "ar_internal_metadata" ("key" varchar NOT NULL PRIMARY KEY, "value" varchar, "created_at" datetime NOT NULL, "updated_at" datetime NOT NULL)[0m
  [1m[35m (0.0ms)[0m  [1m[34mSELECT "schema_migrations"."version" FROM "schema_migrations" ORDER BY "schema_migrations"."version" ASC[0m
Migrating to CreateArticles (20200315103643)
  [1m[35m (0.0ms)[0m  [1m[36mbegin transaction[0m
  [1m[35m (1.0ms)[0m  [1m[35mCREATE TABLE "articles" ("id" INTEGER PRIMARY KEY AUTOINCREMENT NOT NULL, "title" varchar, "text" text, "created_at" datetime NOT NULL, "updated_at" datetime NOT NULL)[0m
  [1m[35mSQL (1.0ms)[0m  [1m[32mINSERT INTO "schema_migrations" ("version") VALUES (?)[0m  [["version", "20200315103643"]]
  [1m[35m (25.6ms)[0m  [1m[36mcommit transaction[0m
  [1m[36mActiveRecord::InternalMetadata Load (0.0ms)[0m  [1m[34mSELECT  "ar_internal_metadata".* FROM "ar_internal_metadata" WHERE "ar_internal_metadata"."key" = ? LIMIT ?[0m  [["key", "environment"], ["LIMIT", 1]]
  [1m[35m (0.0ms)[0m  [1m[36mbegin transaction[0m
  [1m[35mSQL (1.0ms)[0m  [1m[32mINSERT INTO "ar_internal_metadata" ("key", "value", "created_at", "updated_at") VALUES (?, ?, ?, ?)[0m  [["key", "environment"], ["value", "development"], ["created_at", "2020-03-15 10:38:41.026281"], ["updated_at", "2020-03-15 10:38:41.026281"]]
  [1m[35m (31.0ms)[0m  [1m[36mcommit transaction[0m
  [1m[35m (0.0ms)[0m  [1m[34mSELECT "schema_migrations"."version" FROM "schema_migrations" ORDER BY "schema_migrations"."version" ASC[0m
Started GET "/articles/new" for ::1 at 2020-03-15 19:42:54 +0900
  [1m[35m (1.0ms)[0m  [1m[34mSELECT "schema_migrations"."version" FROM "schema_migrations" ORDER BY "schema_migrations"."version" ASC[0m
Processing by ArticlesController#new as HTML
  Rendering articles/new.html.erb within layouts/application
  Rendered articles/new.html.erb within layouts/application (36.0ms)
Completed 200 OK in 395ms (Views: 372.8ms | ActiveRecord: 0.0ms)


Started POST "/articles" for ::1 at 2020-03-15 19:43:24 +0900
Processing by ArticlesController#create as HTML
  Parameters: {"utf8"=>"✓", "authenticity_token"=>"JUs28htV/0V4EBPwmAi6ZZvnD1KU+8GUlmTcIKYvbYrp754IhDPMLFcFjchBUYB8LKWy7j9CyySodejOl9j1Pw==", "article"=>{"title"=>"arigatou", "text"=>"や\r\n"}, "commit"=>"Save Article"}
Completed 500 Internal Server Error in 22ms (ActiveRecord: 2.0ms)


  
ActiveModel::ForbiddenAttributesError (ActiveModel::ForbiddenAttributesError):
  
app/controllers/articles_controller.rb:8:in `create'
Started GET "/" for ::1 at 2020-03-15 19:45:25 +0900
Processing by WelcomeController#index as HTML
Started GET "/articles/new" for ::1 at 2020-03-15 19:45:36 +0900
  Rendering welcome/index.html.erb within layouts/application
  Rendered welcome/index.html.erb within layouts/application (0.0ms)
Completed 200 OK in 111ms (Views: 92.8ms)


Processing by ArticlesController#new as HTML
  Rendering articles/new.html.erb within layouts/application
  Rendered articles/new.html.erb within layouts/application (4.0ms)
Completed 200 OK in 141ms (Views: 127.7ms)


Started POST "/articles" for ::1 at 2020-03-15 19:45:45 +0900
Processing by ArticlesController#create as HTML
  Parameters: {"utf8"=>"✓", "authenticity_token"=>"dx9JTNUH8IX3TuUdC+/evliwl3wRafmW592W23q59mG7u+G2SmHD7NhbeyXStuSn7/IqwLrQ8ybZzKI1S05u1A==", "article"=>{"title"=>"ba", "text"=>"が"}, "commit"=>"Save Article"}
  [1m[35m (0.0ms)[0m  [1m[36mbegin transaction[0m
  [1m[35mSQL (1.0ms)[0m  [1m[32mINSERT INTO "articles" ("title", "text", "created_at", "updated_at") VALUES (?, ?, ?, ?)[0m  [["title", "ba"], ["text", "が"], ["created_at", "2020-03-15 10:45:45.570486"], ["updated_at", "2020-03-15 10:45:45.570486"]]
  [1m[35m (34.0ms)[0m  [1m[36mcommit transaction[0m
Redirected to http://localhost:3000/articles/1
Completed 302 Found in 62ms (ActiveRecord: 37.9ms)


Started GET "/articles/1" for ::1 at 2020-03-15 19:45:45 +0900
  
AbstractController::ActionNotFound (The action 'show' could not be found for ArticlesController):
  
actionpack (5.1.7) lib/abstract_controller/base.rb:119:in `process'
actionview (5.1.7) lib/action_view/rendering.rb:30:in `process'
actionpack (5.1.7) lib/action_controller/metal.rb:189:in `dispatch'
actionpack (5.1.7) lib/action_controller/metal.rb:253:in `dispatch'
actionpack (5.1.7) lib/action_dispatch/routing/route_set.rb:49:in `dispatch'
actionpack (5.1.7) lib/action_dispatch/routing/route_set.rb:31:in `serve'
actionpack (5.1.7) lib/action_dispatch/journey/router.rb:50:in `block in serve'
actionpack (5.1.7) lib/action_dispatch/journey/router.rb:33:in `each'
actionpack (5.1.7) lib/action_dispatch/journey/router.rb:33:in `serve'
actionpack (5.1.7) lib/action_dispatch/routing/route_set.rb:844:in `call'
rack (2.2.2) lib/rack/etag.rb:27:in `call'
rack (2.2.2) lib/rack/conditional_get.rb:27:in `call'
rack (2.2.2) lib/rack/head.rb:12:in `call'
rack (2.2.2) lib/rack/session/abstract/id.rb:266:in `context'
rack (2.2.2) lib/rack/session/abstract/id.rb:260:in `call'
actionpack (5.1.7) lib/action_dispatch/middleware/cookies.rb:613:in `call'
activerecord (5.1.7) lib/active_record/migration.rb:556:in `call'
actionpack (5.1.7) lib/action_dispatch/middleware/callbacks.rb:26:in `block in call'
activesupport (5.1.7) lib/active_support/callbacks.rb:97:in `run_callbacks'
actionpack (5.1.7) lib/action_dispatch/middleware/callbacks.rb:24:in `call'
actionpack (5.1.7) lib/action_dispatch/middleware/executor.rb:12:in `call'
actionpack (5.1.7) lib/action_dispatch/middleware/debug_exceptions.rb:59:in `call'
web-console (3.7.0) lib/web_console/middleware.rb:135:in `call_app'
web-console (3.7.0) lib/web_console/middleware.rb:30:in `block in call'
web-console (3.7.0) lib/web_console/middleware.rb:20:in `catch'
web-console (3.7.0) lib/web_console/middleware.rb:20:in `call'
actionpack (5.1.7) lib/action_dispatch/middleware/show_exceptions.rb:31:in `call'
railties (5.1.7) lib/rails/rack/logger.rb:36:in `call_app'
railties (5.1.7) lib/rails/rack/logger.rb:24:in `block in call'
activesupport (5.1.7) lib/active_support/tagged_logging.rb:69:in `block in tagged'
activesupport (5.1.7) lib/active_support/tagged_logging.rb:26:in `tagged'
activesupport (5.1.7) lib/active_support/tagged_logging.rb:69:in `tagged'
railties (5.1.7) lib/rails/rack/logger.rb:24:in `call'
sprockets-rails (3.2.1) lib/sprockets/rails/quiet_assets.rb:13:in `call'
actionpack (5.1.7) lib/action_dispatch/middleware/remote_ip.rb:79:in `call'
actionpack (5.1.7) lib/action_dispatch/middleware/request_id.rb:25:in `call'
rack (2.2.2) lib/rack/method_override.rb:24:in `call'
rack (2.2.2) lib/rack/runtime.rb:22:in `call'
activesupport (5.1.7) lib/active_support/cache/strategy/local_cache_middleware.rb:27:in `call'
actionpack (5.1.7) lib/action_dispatch/middleware/executor.rb:12:in `call'
actionpack (5.1.7) lib/action_dispatch/middleware/static.rb:125:in `call'
rack (2.2.2) lib/rack/sendfile.rb:110:in `call'
railties (5.1.7) lib/rails/engine.rb:522:in `call'
puma (3.12.4) lib/puma/configuration.rb:227:in `call'
puma (3.12.4) lib/puma/server.rb:675:in `handle_request'
puma (3.12.4) lib/puma/server.rb:476:in `process_client'
puma (3.12.4) lib/puma/server.rb:334:in `block in run'
puma (3.12.4) lib/puma/thread_pool.rb:135:in `block in spawn_thread'
Started GET "/articles/1" for ::1 at 2020-03-15 19:47:05 +0900
Processing by ArticlesController#show as HTML
  Parameters: {"id"=>"1"}
  Rendering articles/show.html.erb within layouts/application
  Rendered articles/show.html.erb within layouts/application (0.0ms)
Completed 200 OK in 113ms (Views: 95.8ms)


Started GET "/articles/1" for ::1 at 2020-03-15 19:49:02 +0900
Processing by ArticlesController#show as HTML
  Parameters: {"id"=>"1"}
  [1m[36mArticle Load (0.0ms)[0m  [1m[34mSELECT  "articles".* FROM "articles" WHERE "articles"."id" = ? LIMIT ?[0m  [["id", 1], ["LIMIT", 1]]
  Rendering articles/show.html.erb within layouts/application
  Rendered articles/show.html.erb within layouts/application (0.0ms)
Completed 200 OK in 141ms (Views: 87.4ms | ActiveRecord: 2.0ms)


Started GET "/articles/2" for ::1 at 2020-03-15 19:49:10 +0900
Processing by ArticlesController#show as HTML
  Parameters: {"id"=>"2"}
  [1m[36mArticle Load (0.0ms)[0m  [1m[34mSELECT  "articles".* FROM "articles" WHERE "articles"."id" = ? LIMIT ?[0m  [["id", 2], ["LIMIT", 1]]
Completed 404 Not Found in 4ms (ActiveRecord: 0.0ms)


  
ActiveRecord::RecordNotFound (Couldn't find Article with 'id'=2):
  
app/controllers/articles_controller.rb:3:in `show'
Started GET "/articles/1" for ::1 at 2020-03-15 19:50:00 +0900
Processing by ArticlesController#show as HTML
  Parameters: {"id"=>"1"}
  [1m[36mArticle Load (0.0ms)[0m  [1m[34mSELECT  "articles".* FROM "articles" WHERE "articles"."id" = ? LIMIT ?[0m  [["id", 1], ["LIMIT", 1]]
  Rendering articles/show.html.erb within layouts/application
  Rendered articles/show.html.erb within layouts/application (12.0ms)
Completed 500 Internal Server Error in 109ms (ActiveRecord: 0.0ms)


  
ActionView::Template::Error (undefined method `title' for nil:NilClass):
    1: <h1><%= @artcile.title %></h1>
    2: <%= @artcile.text %>
  
app/views/articles/show.html.erb:1:in `_app_views_articles_show_html_erb___598741269_108661960'
Started GET "/articles/1" for ::1 at 2020-03-15 19:51:07 +0900
Processing by ArticlesController#show as HTML
  Parameters: {"id"=>"1"}
  [1m[36mArticle Load (0.0ms)[0m  [1m[34mSELECT  "articles".* FROM "articles" WHERE "articles"."id" = ? LIMIT ?[0m  [["id", 1], ["LIMIT", 1]]
  Rendering articles/show.html.erb within layouts/application
  Rendered articles/show.html.erb within layouts/application (0.0ms)
Completed 200 OK in 126ms (Views: 98.3ms | ActiveRecord: 0.0ms)


Started GET "/articles/new" for ::1 at 2020-03-15 19:52:48 +0900
Processing by ArticlesController#new as HTML
  Rendering articles/new.html.erb within layouts/application
  Rendered articles/new.html.erb within layouts/application (3.0ms)
Completed 200 OK in 114ms (Views: 100.1ms | ActiveRecord: 0.0ms)


Started POST "/articles" for ::1 at 2020-03-15 19:52:57 +0900
Processing by ArticlesController#create as HTML
  Parameters: {"utf8"=>"✓", "authenticity_token"=>"Az5ph5q1/6QQs3ORcXu1T5uY8Cpr9Q0y5Z1FBpkGbarPmsF9BdPMzT+m7amoIo9WLNpNlsBMB4LbjHHoqPH1Hw==", "article"=>{"title"=>"さべ", "text"=>"がみ"}, "commit"=>"Save Article"}
  [1m[35m (0.0ms)[0m  [1m[36mbegin transaction[0m
  [1m[35mSQL (1.0ms)[0m  [1m[32mINSERT INTO "articles" ("title", "text", "created_at", "updated_at") VALUES (?, ?, ?, ?)[0m  [["title", "さべ"], ["text", "がみ"], ["created_at", "2020-03-15 10:52:57.158946"], ["updated_at", "2020-03-15 10:52:57.158946"]]
  [1m[35m (47.7ms)[0m  [1m[36mcommit transaction[0m
Redirected to http://localhost:3000/articles/2
Completed 302 Found in 58ms (ActiveRecord: 48.7ms)


Started GET "/articles/2" for ::1 at 2020-03-15 19:52:57 +0900
Processing by ArticlesController#show as HTML
  Parameters: {"id"=>"2"}
  [1m[36mArticle Load (0.0ms)[0m  [1m[34mSELECT  "articles".* FROM "articles" WHERE "articles"."id" = ? LIMIT ?[0m  [["id", 2], ["LIMIT", 1]]
  Rendering articles/show.html.erb within layouts/application
  Rendered articles/show.html.erb within layouts/application (0.0ms)
Completed 200 OK in 99ms (Views: 82.8ms | ActiveRecord: 0.0ms)


Started GET "/articles" for ::1 at 2020-03-15 19:57:29 +0900
Processing by ArticlesController#index as HTML
  Rendering articles/index.html.erb within layouts/application
  [1m[36mArticle Load (0.0ms)[0m  [1m[34mSELECT "articles".* FROM "articles"[0m
  Rendered articles/index.html.erb within layouts/application (10.1ms)
Completed 200 OK in 121ms (Views: 98.8ms | ActiveRecord: 2.0ms)


Started GET "/articles" for ::1 at 2020-03-15 20:01:37 +0900
Processing by ArticlesController#index as HTML
  Rendering articles/index.html.erb within layouts/application
  [1m[36mArticle Load (0.0ms)[0m  [1m[34mSELECT "articles".* FROM "articles"[0m
  Rendered articles/index.html.erb within layouts/application (3.0ms)
Completed 200 OK in 101ms (Views: 88.6ms | ActiveRecord: 0.0ms)


Started GET "/" for ::1 at 2020-03-15 20:01:41 +0900
Processing by WelcomeController#index as HTML
  Rendering welcome/index.html.erb within layouts/application
  Rendered welcome/index.html.erb within layouts/application (1.0ms)
Completed 200 OK in 129ms (Views: 94.5ms | ActiveRecord: 0.0ms)


Started GET "/articles" for ::1 at 2020-03-15 20:01:42 +0900
Processing by ArticlesController#index as HTML
  Rendering articles/index.html.erb within layouts/application
  [1m[36mArticle Load (0.0ms)[0m  [1m[34mSELECT "articles".* FROM "articles"[0m
  Rendered articles/index.html.erb within layouts/application (3.0ms)
Completed 200 OK in 90ms (Views: 79.9ms | ActiveRecord: 0.0ms)


Started GET "/articles" for ::1 at 2020-03-15 20:02:23 +0900
Processing by ArticlesController#index as HTML
  Rendering articles/index.html.erb within layouts/application
  [1m[36mArticle Load (0.0ms)[0m  [1m[34mSELECT "articles".* FROM "articles"[0m
  Rendered articles/index.html.erb within layouts/application (4.0ms)
Completed 200 OK in 113ms (Views: 88.8ms | ActiveRecord: 0.0ms)


Started GET "/welcome/index" for ::1 at 2020-03-15 20:02:24 +0900
Processing by WelcomeController#index as HTML
  Rendering welcome/index.html.erb within layouts/application
  Rendered welcome/index.html.erb within layouts/application (0.0ms)
Completed 200 OK in 89ms (Views: 78.4ms | ActiveRecord: 0.0ms)


Started GET "/articles" for ::1 at 2020-03-15 20:02:25 +0900
Processing by ArticlesController#index as HTML
  Rendering articles/index.html.erb within layouts/application
  [1m[36mArticle Load (0.0ms)[0m  [1m[34mSELECT "articles".* FROM "articles"[0m
  Rendered articles/index.html.erb within layouts/application (3.0ms)
Completed 200 OK in 99ms (Views: 88.3ms | ActiveRecord: 0.0ms)


Started GET "/articles" for ::1 at 2020-03-15 20:04:23 +0900
Processing by ArticlesController#index as HTML
  Rendering articles/index.html.erb within layouts/application
  [1m[36mArticle Load (1.0ms)[0m  [1m[34mSELECT "articles".* FROM "articles"[0m
  Rendered articles/index.html.erb within layouts/application (151.6ms)
Completed 500 Internal Server Error in 211ms (ActiveRecord: 1.0ms)


  
ActionView::Template::Error (undefined method `_to' for #<#<Class:0x0000000c733938>:0x0000000c1284f8>):
    1: <h1>記事一覧</h1>
    2: <% @articles.each do |article|%>
    3:     <h2><%= link _to article.title, article_path(article) %></h2>
    4:     <p><%= article.text %></p>
    5:  <% end %>
    6: 
  
app/views/articles/index.html.erb:3:in `block in _app_views_articles_index_html_erb__936629927_101271420'
app/views/articles/index.html.erb:2:in `_app_views_articles_index_html_erb__936629927_101271420'
Started GET "/articles" for ::1 at 2020-03-15 20:04:38 +0900
Processing by ArticlesController#index as HTML
  Rendering articles/index.html.erb within layouts/application
  [1m[36mArticle Load (1.0ms)[0m  [1m[34mSELECT "articles".* FROM "articles"[0m
  Rendered articles/index.html.erb within layouts/application (5.0ms)
Completed 200 OK in 129ms (Views: 103.3ms | ActiveRecord: 1.0ms)


Started GET "/articles/1" for ::1 at 2020-03-15 20:04:39 +0900
Processing by ArticlesController#show as HTML
  Parameters: {"id"=>"1"}
  [1m[36mArticle Load (0.0ms)[0m  [1m[34mSELECT  "articles".* FROM "articles" WHERE "articles"."id" = ? LIMIT ?[0m  [["id", 1], ["LIMIT", 1]]
  Rendering articles/show.html.erb within layouts/application
  Rendered articles/show.html.erb within layouts/application (0.0ms)
Completed 200 OK in 119ms (Views: 102.2ms | ActiveRecord: 0.0ms)


Started GET "/articles" for ::1 at 2020-03-15 20:06:30 +0900
Processing by ArticlesController#index as HTML
  Rendering articles/index.html.erb within layouts/application
  [1m[36mArticle Load (1.0ms)[0m  [1m[34mSELECT "articles".* FROM "articles"[0m
  Rendered articles/index.html.erb within layouts/application (3.0ms)
Completed 200 OK in 130ms (Views: 116.4ms | ActiveRecord: 1.0ms)


Started GET "/articles/1" for ::1 at 2020-03-15 20:06:31 +0900
Processing by ArticlesController#show as HTML
  Parameters: {"id"=>"1"}
  [1m[36mArticle Load (0.0ms)[0m  [1m[34mSELECT  "articles".* FROM "articles" WHERE "articles"."id" = ? LIMIT ?[0m  [["id", 1], ["LIMIT", 1]]
  Rendering articles/show.html.erb within layouts/application
  Rendered articles/show.html.erb within layouts/application (1.0ms)
Completed 200 OK in 112ms (Views: 82.2ms | ActiveRecord: 0.0ms)


Started GET "/articles" for ::1 at 2020-03-15 20:06:32 +0900
Processing by ArticlesController#index as HTML
  Rendering articles/index.html.erb within layouts/application
  [1m[36mArticle Load (0.0ms)[0m  [1m[34mSELECT "articles".* FROM "articles"[0m
  Rendered articles/index.html.erb within layouts/application (4.0ms)
Completed 200 OK in 85ms (Views: 74.6ms | ActiveRecord: 0.0ms)


Started GET "/articles" for ::1 at 2020-03-15 20:07:16 +0900
Processing by ArticlesController#index as HTML
  Rendering articles/index.html.erb within layouts/application
  [1m[36mArticle Load (0.0ms)[0m  [1m[34mSELECT "articles".* FROM "articles"[0m
  Rendered articles/index.html.erb within layouts/application (5.0ms)
Completed 200 OK in 142ms (Views: 90.4ms | ActiveRecord: 0.0ms)


Started GET "/articles/new" for ::1 at 2020-03-15 20:07:18 +0900
Processing by ArticlesController#new as HTML
  Rendering articles/new.html.erb within layouts/application
  Rendered articles/new.html.erb within layouts/application (2.0ms)
Completed 200 OK in 107ms (Views: 97.4ms | ActiveRecord: 0.0ms)


Started GET "/articles/new" for ::1 at 2020-03-15 20:10:20 +0900
Processing by ArticlesController#new as HTML
  Rendering articles/new.html.erb within layouts/application
  Rendered articles/new.html.erb within layouts/application (3.0ms)
Completed 200 OK in 102ms (Views: 91.8ms)


Started POST "/articles" for ::1 at 2020-03-15 20:10:22 +0900
Processing by ArticlesController#create as HTML
  Parameters: {"utf8"=>"✓", "authenticity_token"=>"5hB+VP9GGqH9IuwrsxaWtmtfjrFEhyX/1wTk0Qp3xpsqtNauYCApyNI3chNqT6yv3B0zDe8+L0/pFdA/O4BeLg==", "article"=>{"title"=>"", "text"=>""}, "commit"=>"Save Article"}
  [1m[35m (0.0ms)[0m  [1m[36mbegin transaction[0m
  [1m[35m (0.0ms)[0m  [1m[31mrollback transaction[0m
Completed 500 Internal Server Error in 102ms (ActiveRecord: 2.0ms)


  
ActionController::UrlGenerationError (No route matches {:action=>"show", :controller=>"articles", :id=>nil}, missing required keys: [:id]):
  
app/controllers/articles_controller.rb:19:in `create'
Started POST "/articles" for ::1 at 2020-03-15 20:11:57 +0900
Processing by ArticlesController#create as HTML
  Parameters: {"utf8"=>"✓", "authenticity_token"=>"5hB+VP9GGqH9IuwrsxaWtmtfjrFEhyX/1wTk0Qp3xpsqtNauYCApyNI3chNqT6yv3B0zDe8+L0/pFdA/O4BeLg==", "article"=>{"title"=>"", "text"=>"ｈｈｈ"}, "commit"=>"Save Article"}
  [1m[35m (1.0ms)[0m  [1m[36mbegin transaction[0m
  [1m[35m (0.0ms)[0m  [1m[31mrollback transaction[0m
  Rendering articles/new.html.erb within layouts/application
  Rendered articles/new.html.erb within layouts/application (2.0ms)
Completed 200 OK in 125ms (Views: 105.4ms | ActiveRecord: 3.0ms)


Started GET "/articles" for ::1 at 2020-03-15 20:13:46 +0900
Processing by ArticlesController#index as HTML
  Rendering articles/index.html.erb within layouts/application
  [1m[36mArticle Load (0.0ms)[0m  [1m[34mSELECT "articles".* FROM "articles"[0m
  Rendered articles/index.html.erb within layouts/application (5.0ms)
Completed 200 OK in 101ms (Views: 89.6ms | ActiveRecord: 0.0ms)


Started GET "/articles/new" for ::1 at 2020-03-15 20:13:47 +0900
Processing by ArticlesController#new as HTML
  Rendering articles/new.html.erb within layouts/application
  Rendered articles/new.html.erb within layouts/application (14.0ms)
Completed 500 Internal Server Error in 68ms (ActiveRecord: 0.0ms)


  
ActionView::Template::Error (undefined method `errors' for nil:NilClass):
    1: <h1>新規記事作製</h1>
    2: 
    3: <%= form_for :article, url: articles_path do |f|%>
    4:  <% if @article.errors.any? %>
    5:     <%= @article.errors.count %>個のエラーがあります
    6:     <% end %>
    7:     <%= f.text_field :title %><br>
  
app/views/articles/new.html.erb:4:in `block in _app_views_articles_new_html_erb___275763973_103236660'
app/views/articles/new.html.erb:3:in `_app_views_articles_new_html_erb___275763973_103236660'
Started GET "/articles/new" for ::1 at 2020-03-15 20:15:56 +0900
Processing by ArticlesController#new as HTML
  Rendering articles/new.html.erb within layouts/application
  Rendered articles/new.html.erb within layouts/application (12.0ms)
Completed 500 Internal Server Error in 70ms


  
ActionView::Template::Error (undefined method `errors' for nil:NilClass):
    1: <h1>新規記事作製</h1>
    2: 
    3: <%= form_for :article, url: articles_path do |f|%>
    4:  <% if @articles.errors.any? %>
    5:     <%= @article.errors.count %>個のエラーがあります
    6:     <% end %>
    7:     <%= f.text_field :title %><br>
  
app/views/articles/new.html.erb:4:in `block in _app_views_articles_new_html_erb___275763973_108576820'
app/views/articles/new.html.erb:3:in `_app_views_articles_new_html_erb___275763973_108576820'
Started GET "/articles/new" for ::1 at 2020-03-15 20:16:09 +0900
Processing by ArticlesController#new as HTML
  Rendering articles/new.html.erb within layouts/application
  Rendered articles/new.html.erb within layouts/application (14.0ms)
Completed 500 Internal Server Error in 61ms


  
ActionView::Template::Error (undefined method `errors' for nil:NilClass):
    1: <h1>新規記事作製</h1>
    2: 
    3: <%= form_for :article, url: articles_path do |f|%>
    4:  <% if @article.errors.any? %>
    5:     <%= @article.errors.count %>個のエラーがあります
    6:     <% end %>
    7:     <%= f.text_field :title %><br>
  
app/views/articles/new.html.erb:4:in `block in _app_views_articles_new_html_erb___275763973_68681420'
app/views/articles/new.html.erb:3:in `_app_views_articles_new_html_erb___275763973_68681420'
Started GET "/" for ::1 at 2020-03-15 20:16:17 +0900
Processing by WelcomeController#index as HTML
  Rendering welcome/index.html.erb within layouts/application
  Rendered welcome/index.html.erb within layouts/application (1.0ms)
Completed 200 OK in 136ms (Views: 121.8ms)


Started GET "/articles" for ::1 at 2020-03-15 20:16:19 +0900
Processing by ArticlesController#index as HTML
  Rendering articles/index.html.erb within layouts/application
  [1m[36mArticle Load (0.0ms)[0m  [1m[34mSELECT "articles".* FROM "articles"[0m
  Rendered articles/index.html.erb within layouts/application (14.0ms)
Completed 200 OK in 161ms (Views: 138.6ms | ActiveRecord: 0.0ms)


Started GET "/articles/new" for ::1 at 2020-03-15 20:16:19 +0900
Processing by ArticlesController#new as HTML
  Rendering articles/new.html.erb within layouts/application
  Rendered articles/new.html.erb within layouts/application (11.7ms)
Completed 500 Internal Server Error in 54ms (ActiveRecord: 0.0ms)


  
ActionView::Template::Error (undefined method `errors' for nil:NilClass):
    1: <h1>新規記事作製</h1>
    2: 
    3: <%= form_for :article, url: articles_path do |f|%>
    4:  <% if @article.errors.any? %>
    5:     <%= @article.errors.count %>個のエラーがあります
    6:     <% end %>
    7:     <%= f.text_field :title %><br>
  
app/views/articles/new.html.erb:4:in `block in _app_views_articles_new_html_erb___275763973_109273500'
app/views/articles/new.html.erb:3:in `_app_views_articles_new_html_erb___275763973_109273500'
Started GET "/articles" for ::1 at 2020-03-15 20:19:25 +0900
  [1m[35m (0.0ms)[0m  [1m[34mSELECT "schema_migrations"."version" FROM "schema_migrations" ORDER BY "schema_migrations"."version" ASC[0m
Processing by ArticlesController#index as HTML
  Rendering articles/index.html.erb within layouts/application
  [1m[36mArticle Load (0.0ms)[0m  [1m[34mSELECT "articles".* FROM "articles"[0m
  Rendered articles/index.html.erb within layouts/application (32.7ms)
Completed 200 OK in 815ms (Views: 790.2ms | ActiveRecord: 0.0ms)


Started GET "/" for ::1 at 2020-03-15 20:19:43 +0900
Processing by WelcomeController#index as HTML
  Rendering welcome/index.html.erb within layouts/application
  Rendered welcome/index.html.erb within layouts/application (2.0ms)
Completed 200 OK in 98ms (Views: 86.6ms | ActiveRecord: 0.0ms)


Started GET "/articles" for ::1 at 2020-03-15 20:19:45 +0900
Processing by ArticlesController#index as HTML
  Rendering articles/index.html.erb within layouts/application
  [1m[36mArticle Load (0.0ms)[0m  [1m[34mSELECT "articles".* FROM "articles"[0m
  Rendered articles/index.html.erb within layouts/application (5.0ms)
Completed 200 OK in 129ms (Views: 116.0ms | ActiveRecord: 1.0ms)


Started GET "/articles/new" for ::1 at 2020-03-15 20:19:46 +0900
Processing by ArticlesController#new as HTML
  Rendering articles/new.html.erb within layouts/application
  Rendered articles/new.html.erb within layouts/application (26.0ms)
Completed 500 Internal Server Error in 76ms (ActiveRecord: 0.0ms)


  
ActionView::Template::Error (undefined method `errors' for nil:NilClass):
    1: <h1>新規記事作製</h1>
    2: 
    3: <%= form_for :article, url: articles_path do |f|%>
    4:  <% if @article.errors.any? %>
    5:     <%= @article.errors.count %>個のエラーがあります
    6:     <% end %>
    7:     <%= f.text_field :title %><br>
  
app/views/articles/new.html.erb:4:in `block in _app_views_articles_new_html_erb__1711386158_106472660'
app/views/articles/new.html.erb:3:in `_app_views_articles_new_html_erb__1711386158_106472660'
Started GET "/articles/new" for ::1 at 2020-03-15 20:21:26 +0900
Processing by ArticlesController#new as HTML
  Rendering articles/new.html.erb within layouts/application
  Rendered articles/new.html.erb within layouts/application (87.2ms)
Completed 200 OK in 258ms (Views: 234.4ms | ActiveRecord: 0.0ms)


Started POST "/articles" for ::1 at 2020-03-15 20:21:31 +0900
Processing by ArticlesController#create as HTML
  Parameters: {"utf8"=>"✓", "authenticity_token"=>"C0Dcr8jqDfr0HsoEznOuQOJMlvGV4pR/Wwm54uAsM2DH5HRVV4w+k9sLVDwXKpRZVQ4rTT5bns9lGI0M0dur1Q==", "article"=>{"title"=>"", "text"=>""}, "commit"=>"Save Article"}
  [1m[35m (1.0ms)[0m  [1m[36mbegin transaction[0m
  [1m[35m (0.0ms)[0m  [1m[31mrollback transaction[0m
  Rendering articles/new.html.erb within layouts/application
  Rendered articles/new.html.erb within layouts/application (2.0ms)
Completed 200 OK in 114ms (Views: 102.9ms | ActiveRecord: 1.0ms)


Started GET "/articles" for ::1 at 2020-03-15 20:22:14 +0900
Processing by ArticlesController#index as HTML
  Rendering articles/index.html.erb within layouts/application
  [1m[36mArticle Load (0.0ms)[0m  [1m[34mSELECT "articles".* FROM "articles"[0m
  Rendered articles/index.html.erb within layouts/application (4.0ms)
Completed 200 OK in 106ms (Views: 93.4ms | ActiveRecord: 0.0ms)


Started GET "/articles/new" for ::1 at 2020-03-15 20:22:15 +0900
Processing by ArticlesController#new as HTML
  Rendering articles/new.html.erb within layouts/application
  Rendered articles/new.html.erb within layouts/application (12.5ms)
Completed 500 Internal Server Error in 67ms (ActiveRecord: 0.0ms)


  
ActionView::Template::Error (undefined method `errors' for nil:NilClass):
    1: <h1>新規記事作製</h1>
    2: 
    3: <%= form_for :article, url: articles_path do |f|%>
    4:   <% if @article.errors.any? %>
    5:     <%= @article.errors.count %>個のエラーがあります
    6:     <% end %>
    7:     <%= f.text_field :title %><br>
  
app/views/articles/new.html.erb:4:in `block in _app_views_articles_new_html_erb__1711386158_103901100'
app/views/articles/new.html.erb:3:in `_app_views_articles_new_html_erb__1711386158_103901100'
Started GET "/articles/new" for ::1 at 2020-03-15 20:29:39 +0900
  [1m[35m (1.0ms)[0m  [1m[34mSELECT "schema_migrations"."version" FROM "schema_migrations" ORDER BY "schema_migrations"."version" ASC[0m
Processing by ArticlesController#new as HTML
  Rendering articles/new.html.erb within layouts/application
  Rendered articles/new.html.erb within layouts/application (29.0ms)
Completed 500 Internal Server Error in 106ms (ActiveRecord: 0.0ms)


  
ActionView::Template::Error (undefined method `errors' for nil:NilClass):
    1: <h1>新規記事作製</h1>
    2: 
    3: <%= form_for :article, url: articles_path do |f|%>
    4:   <% if @article.errors[:title].any? %>
    5:     <%= @article.errors.count %>個のエラーがあります
    6:     <% end %>
    7:     <%= f.text_field :title %><br>
  
app/views/articles/new.html.erb:4:in `block in _app_views_articles_new_html_erb___1164159396_61241680'
app/views/articles/new.html.erb:3:in `_app_views_articles_new_html_erb___1164159396_61241680'
Started GET "/articles/new" for ::1 at 2020-03-15 20:32:33 +0900
  [1m[35m (0.0ms)[0m  [1m[34mSELECT "schema_migrations"."version" FROM "schema_migrations" ORDER BY "schema_migrations"."version" ASC[0m
Processing by ArticlesController#new as HTML
  Rendering articles/new.html.erb within layouts/application
  Rendered articles/new.html.erb within layouts/application (28.0ms)
Completed 500 Internal Server Error in 91ms (ActiveRecord: 0.0ms)


  
ActionView::Template::Error (undefined method `errors' for nil:NilClass):
    1: <h1>新規記事作製</h1>
    2: 
    3: <%= form_for :article, url: articles_path do |f|%>
    4:   <% if @article.errors.any? %>
    5:     <%= @article.errors.count %>個のエラーがあります
    6:     <% end %>
    7:     <%= f.text_field :title %><br>
  
app/views/articles/new.html.erb:4:in `block in _app_views_articles_new_html_erb___2052752316_59905820'
app/views/articles/new.html.erb:3:in `_app_views_articles_new_html_erb___2052752316_59905820'
Started GET "/articles/new" for ::1 at 2020-03-15 20:38:46 +0900
  [1m[35m (0.0ms)[0m  [1m[34mSELECT "schema_migrations"."version" FROM "schema_migrations" ORDER BY "schema_migrations"."version" ASC[0m
Processing by ArticlesController#new as HTML
Completed 500 Internal Server Error in 22ms (ActiveRecord: 0.0ms)


  
NoMethodError (undefined method `news' for #<Class:0x00000006e1cd18>
Did you mean?  new):
  
app/controllers/articles_controller.rb:11:in `new'
Started GET "/articles/new" for ::1 at 2020-03-15 20:38:59 +0900
Processing by ArticlesController#new as HTML
  Rendering articles/new.html.erb within layouts/application
  Rendered articles/new.html.erb within layouts/application (15.0ms)
Completed 200 OK in 1800ms (Views: 1778.3ms | ActiveRecord: 1.0ms)


Started GET "/" for ::1 at 2020-03-15 20:39:26 +0900
Processing by WelcomeController#index as HTML
  Rendering welcome/index.html.erb within layouts/application
  Rendered welcome/index.html.erb within layouts/application (1.0ms)
Completed 200 OK in 113ms (Views: 100.5ms | ActiveRecord: 0.0ms)


Started GET "/articles" for ::1 at 2020-03-15 20:39:27 +0900
Processing by ArticlesController#index as HTML
  Rendering articles/index.html.erb within layouts/application
  [1m[36mArticle Load (0.0ms)[0m  [1m[34mSELECT "articles".* FROM "articles"[0m
  Rendered articles/index.html.erb within layouts/application (14.0ms)
Completed 200 OK in 144ms (Views: 133.0ms | ActiveRecord: 0.0ms)


Started GET "/articles/new" for ::1 at 2020-03-15 20:39:28 +0900
Processing by ArticlesController#new as HTML
  Rendering articles/new.html.erb within layouts/application
  Rendered articles/new.html.erb within layouts/application (3.0ms)
Completed 200 OK in 109ms (Views: 97.1ms | ActiveRecord: 0.0ms)


Started POST "/articles" for ::1 at 2020-03-15 20:39:32 +0900
Processing by ArticlesController#create as HTML
  Parameters: {"utf8"=>"✓", "authenticity_token"=>"ZmIRbKii9nzg0/86kPX68nZdSjlCPsxTaQlPClw3qqcjnqYLfn9o4z5hLqPUGl38fi8W590UDxE/6G0sClGAvA==", "article"=>{"title"=>"f", "text"=>"ff"}, "commit"=>"Save Article"}
  [1m[35m (0.0ms)[0m  [1m[36mbegin transaction[0m
  [1m[35m (0.0ms)[0m  [1m[31mrollback transaction[0m
  Rendering articles/new.html.erb within layouts/application
  Rendered articles/new.html.erb within layouts/application (1.0ms)
Completed 200 OK in 90ms (Views: 81.6ms | ActiveRecord: 0.0ms)


Started POST "/articles" for ::1 at 2020-03-15 20:40:05 +0900
Processing by ArticlesController#create as HTML
  Parameters: {"utf8"=>"✓", "authenticity_token"=>"VQffbUJ/Bz2We/sAFH+xweGNvuiez5rlynMl5EV9eWKZo3eX3Rk0VLluZTjNJovYVs8DVDV2kFX0YhEKdIrh1w==", "article"=>{"title"=>"f", "text"=>"ffffffff"}, "commit"=>"Save Article"}
  [1m[35m (0.0ms)[0m  [1m[36mbegin transaction[0m
  [1m[35m (0.0ms)[0m  [1m[31mrollback transaction[0m
  Rendering articles/new.html.erb within layouts/application
  Rendered articles/new.html.erb within layouts/application (2.0ms)
Completed 200 OK in 93ms (Views: 85.6ms | ActiveRecord: 0.0ms)


Started POST "/articles" for ::1 at 2020-03-15 20:40:08 +0900
Processing by ArticlesController#create as HTML
  Parameters: {"utf8"=>"✓", "authenticity_token"=>"5TKzGBsPCoTpZF/J5wJfwt2BnZHWk+tJ12dFUlmiRxEplhvihGk57cZxwfE+W2XbasMgLX0q4fnpdnG8aFXfpA==", "article"=>{"title"=>"f", "text"=>""}, "commit"=>"Save Article"}
  [1m[35m (0.0ms)[0m  [1m[36mbegin transaction[0m
  [1m[35m (0.0ms)[0m  [1m[31mrollback transaction[0m
  Rendering articles/new.html.erb within layouts/application
  Rendered articles/new.html.erb within layouts/application (2.0ms)
Completed 200 OK in 99ms (Views: 92.8ms | ActiveRecord: 0.0ms)


Started GET "/articles" for ::1 at 2020-03-15 20:41:19 +0900
Processing by ArticlesController#index as HTML
  Rendering articles/index.html.erb within layouts/application
  [1m[36mArticle Load (0.0ms)[0m  [1m[34mSELECT "articles".* FROM "articles"[0m
  Rendered articles/index.html.erb within layouts/application (15.0ms)
Completed 200 OK in 142ms (Views: 110.1ms | ActiveRecord: 2.0ms)


Started GET "/articles/new" for ::1 at 2020-03-15 20:41:20 +0900
Processing by ArticlesController#new as HTML
  Rendering articles/new.html.erb within layouts/application
  Rendered articles/new.html.erb within layouts/application (2.0ms)
Completed 200 OK in 92ms (Views: 80.6ms | ActiveRecord: 0.0ms)


Started POST "/articles" for ::1 at 2020-03-15 20:41:23 +0900
Processing by ArticlesController#create as HTML
  Parameters: {"utf8"=>"✓", "authenticity_token"=>"Af3qfOtol3l6M2t4fERRJxV3PL4kFuo8QHJ6JfqkTXZEAV0bPbUJ5qSBuuE4q/YpHQVgYLs8KX4Wk1gDrMJnbQ==", "article"=>{"title"=>"ｆ", "text"=>"ｆ"}, "commit"=>"Save Article"}
  [1m[35m (0.0ms)[0m  [1m[36mbegin transaction[0m
  [1m[35m (1.0ms)[0m  [1m[31mrollback transaction[0m
  Rendering articles/new.html.erb within layouts/application
  Rendered articles/new.html.erb within layouts/application (1.0ms)
Completed 200 OK in 90ms (Views: 82.4ms | ActiveRecord: 1.0ms)


Started GET "/articles" for ::1 at 2020-03-15 20:42:12 +0900
Processing by ArticlesController#index as HTML
  Rendering articles/index.html.erb within layouts/application
  [1m[36mArticle Load (1.0ms)[0m  [1m[34mSELECT "articles".* FROM "articles"[0m
  Rendered articles/index.html.erb within layouts/application (3.4ms)
Completed 200 OK in 102ms (Views: 87.9ms | ActiveRecord: 1.0ms)


Started GET "/articles/new" for ::1 at 2020-03-15 20:42:13 +0900
Processing by ArticlesController#new as HTML
  Rendering articles/new.html.erb within layouts/application
  Rendered articles/new.html.erb within layouts/application (2.0ms)
Completed 200 OK in 137ms (Views: 89.1ms | ActiveRecord: 0.0ms)


Started POST "/articles" for ::1 at 2020-03-15 20:42:14 +0900
Processing by ArticlesController#create as HTML
  Parameters: {"utf8"=>"✓", "authenticity_token"=>"RWwnkGf1Wn8796XEBNp46Om3MCRsusVJzo+VEabIZ40AkJD3sSjE4OVFdF1ANd/m4cVs+vOQBguYbrc38K5Nlg==", "article"=>{"title"=>"", "text"=>""}, "commit"=>"Save Article"}
  [1m[35m (1.0ms)[0m  [1m[36mbegin transaction[0m
  [1m[35m (0.0ms)[0m  [1m[31mrollback transaction[0m
  Rendering articles/new.html.erb within layouts/application
  Rendered articles/new.html.erb within layouts/application (3.0ms)
Completed 200 OK in 92ms (Views: 85.1ms | ActiveRecord: 1.0ms)


Started GET "/articles" for ::1 at 2020-03-15 20:42:53 +0900
Processing by ArticlesController#index as HTML
  Rendering articles/index.html.erb within layouts/application
  [1m[36mArticle Load (1.0ms)[0m  [1m[34mSELECT "articles".* FROM "articles"[0m
  Rendered articles/index.html.erb within layouts/application (10.7ms)
Completed 200 OK in 119ms (Views: 100.3ms | ActiveRecord: 3.0ms)


Started GET "/articles/new" for ::1 at 2020-03-15 20:42:54 +0900
Processing by ArticlesController#new as HTML
  Rendering articles/new.html.erb within layouts/application
  Rendered articles/new.html.erb within layouts/application (3.0ms)
Completed 200 OK in 96ms (Views: 85.5ms | ActiveRecord: 0.0ms)


Started POST "/articles" for ::1 at 2020-03-15 20:42:57 +0900
Processing by ArticlesController#create as HTML
  Parameters: {"utf8"=>"✓", "authenticity_token"=>"mqYWLFj8DEsojfz3rNNTUWkYdQyg6doPwMQec2BV+HHfWqFLjiGS1PY/LW7oPPRfYWop0j/DGU2WJTxVNjPSag==", "article"=>{"title"=>"ｆ", "text"=>"ｆ"}, "commit"=>"Save Article"}
  [1m[35m (0.0ms)[0m  [1m[36mbegin transaction[0m
  [1m[35m (1.0ms)[0m  [1m[31mrollback transaction[0m
  Rendering articles/new.html.erb within layouts/application
  Rendered articles/new.html.erb within layouts/application (1.0ms)
Completed 200 OK in 114ms (Views: 98.2ms | ActiveRecord: 1.0ms)


Started POST "/articles" for ::1 at 2020-03-15 20:43:04 +0900
Processing by ArticlesController#create as HTML
  Parameters: {"utf8"=>"✓", "authenticity_token"=>"+Hi3oyp4JWx0+YwDNo96m3WFZ17WGJa5XYqug9y9cOw03B9ZtR4WBVvsEjvv1kCCwsfa4n2hnAljm5pt7UroWQ==", "article"=>{"title"=>"", "text"=>"ｆ"}, "commit"=>"Save Article"}
  [1m[35m (0.0ms)[0m  [1m[36mbegin transaction[0m
  [1m[35m (0.0ms)[0m  [1m[31mrollback transaction[0m
  Rendering articles/new.html.erb within layouts/application
  Rendered articles/new.html.erb within layouts/application (1.0ms)
Completed 200 OK in 95ms (Views: 84.5ms | ActiveRecord: 0.0ms)


Started POST "/articles" for ::1 at 2020-03-15 20:43:23 +0900
Processing by ArticlesController#create as HTML
  Parameters: {"utf8"=>"✓", "authenticity_token"=>"TFGu56mDoZmJmp9lN9WAQ9tUR8RSQCM9U5lbkluCeDWA9QYdNuWS8KaPAV3ujLpabBb6ePn5KY1tiG98anXggA==", "article"=>{"title"=>"hhhhhh", "text"=>"ｆ"}, "commit"=>"Save Article"}
  [1m[35m (0.0ms)[0m  [1m[36mbegin transaction[0m
  [1m[35mSQL (4.0ms)[0m  [1m[32mINSERT INTO "articles" ("title", "text", "created_at", "updated_at") VALUES (?, ?, ?, ?)[0m  [["title", "hhhhhh"], ["text", "ｆ"], ["created_at", "2020-03-15 11:43:23.811395"], ["updated_at", "2020-03-15 11:43:23.811395"]]
  [1m[35m (36.0ms)[0m  [1m[36mcommit transaction[0m
Redirected to http://localhost:3000/articles/3
Completed 302 Found in 49ms (ActiveRecord: 40.0ms)


Started GET "/articles/3" for ::1 at 2020-03-15 20:43:23 +0900
Processing by ArticlesController#show as HTML
  Parameters: {"id"=>"3"}
  [1m[36mArticle Load (0.0ms)[0m  [1m[34mSELECT  "articles".* FROM "articles" WHERE "articles"."id" = ? LIMIT ?[0m  [["id", 3], ["LIMIT", 1]]
  Rendering articles/show.html.erb within layouts/application
  Rendered articles/show.html.erb within layouts/application (1.0ms)
Completed 200 OK in 118ms (Views: 86.5ms | ActiveRecord: 0.0ms)


Started GET "/articles" for ::1 at 2020-03-15 20:43:25 +0900
Processing by ArticlesController#index as HTML
  Rendering articles/index.html.erb within layouts/application
  [1m[36mArticle Load (0.0ms)[0m  [1m[34mSELECT "articles".* FROM "articles"[0m
  Rendered articles/index.html.erb within layouts/application (3.0ms)
Completed 200 OK in 101ms (Views: 88.8ms | ActiveRecord: 0.0ms)


Started GET "/articles" for ::1 at 2020-03-15 20:47:55 +0900
Processing by ArticlesController#index as HTML
  Rendering articles/index.html.erb within layouts/application
  [1m[36mArticle Load (0.0ms)[0m  [1m[34mSELECT "articles".* FROM "articles"[0m
  Rendered articles/index.html.erb within layouts/application (156.1ms)
Completed 500 Internal Server Error in 234ms (ActiveRecord: 0.0ms)


  
ActionView::Template::Error (undefined method `link_' for #<#<Class:0x0000000b687418>:0x0000000ab4a988>
Did you mean?  link_to):
    3: <% @articles.each do |article|%>
    4:     <h2><%= link_to article.title, article_path(article) %></h2>
    5:     <p><%= article.text %></p>
    6:     <% link_ "編集する", edit_article_path(article) %>
    7:  <% end %>
    8: 
    9:  <%= link_to "トップへ", welcome_index_path %>
  
app/views/articles/index.html.erb:6:in `block in _app_views_articles_index_html_erb___2121406092_89891960'
app/views/articles/index.html.erb:3:in `_app_views_articles_index_html_erb___2121406092_89891960'
Started GET "/articles" for ::1 at 2020-03-15 20:48:14 +0900
Processing by ArticlesController#index as HTML
  Rendering articles/index.html.erb within layouts/application
  [1m[36mArticle Load (0.0ms)[0m  [1m[34mSELECT "articles".* FROM "articles"[0m
  Rendered articles/index.html.erb within layouts/application (5.0ms)
Completed 200 OK in 128ms (Views: 92.3ms | ActiveRecord: 0.0ms)


Started GET "/articles" for ::1 at 2020-03-15 20:48:16 +0900
Processing by ArticlesController#index as HTML
  Rendering articles/index.html.erb within layouts/application
  [1m[36mArticle Load (1.0ms)[0m  [1m[34mSELECT "articles".* FROM "articles"[0m
  Rendered articles/index.html.erb within layouts/application (4.0ms)
Completed 200 OK in 112ms (Views: 98.9ms | ActiveRecord: 1.0ms)


Started GET "/articles" for ::1 at 2020-03-15 20:48:35 +0900
Processing by ArticlesController#index as HTML
  Rendering articles/index.html.erb within layouts/application
  [1m[36mArticle Load (0.0ms)[0m  [1m[34mSELECT "articles".* FROM "articles"[0m
  Rendered articles/index.html.erb within layouts/application (4.0ms)
Completed 200 OK in 121ms (Views: 89.9ms | ActiveRecord: 0.0ms)


Started GET "/articles" for ::1 at 2020-03-15 20:53:49 +0900
  [1m[35m (0.0ms)[0m  [1m[34mSELECT "schema_migrations"."version" FROM "schema_migrations" ORDER BY "schema_migrations"."version" ASC[0m
Processing by ArticlesController#index as HTML
  Rendering articles/index.html.erb within layouts/application
  [1m[36mArticle Load (0.0ms)[0m  [1m[34mSELECT "articles".* FROM "articles"[0m
  Rendered articles/index.html.erb within layouts/application (17.0ms)
Completed 200 OK in 396ms (Views: 365.4ms | ActiveRecord: 4.0ms)


Started GET "/articles/1/edit" for ::1 at 2020-03-15 20:54:08 +0900
Processing by ArticlesController#edit as HTML
  Parameters: {"id"=>"1"}
  [1m[36mArticle Load (1.0ms)[0m  [1m[34mSELECT  "articles".* FROM "articles" WHERE "articles"."id" = ? LIMIT ?[0m  [["id", 1], ["LIMIT", 1]]
  Rendering articles/edit.html.erb within layouts/application
  Rendered articles/edit.html.erb within layouts/application (17.0ms)
Completed 200 OK in 146ms (Views: 104.0ms | ActiveRecord: 1.0ms)


Started PATCH "/articles" for ::1 at 2020-03-15 20:54:12 +0900
  
ActionController::RoutingError (No route matches [PATCH] "/articles"):
  
actionpack (5.1.7) lib/action_dispatch/middleware/debug_exceptions.rb:63:in `call'
web-console (3.7.0) lib/web_console/middleware.rb:135:in `call_app'
web-console (3.7.0) lib/web_console/middleware.rb:30:in `block in call'
web-console (3.7.0) lib/web_console/middleware.rb:20:in `catch'
web-console (3.7.0) lib/web_console/middleware.rb:20:in `call'
actionpack (5.1.7) lib/action_dispatch/middleware/show_exceptions.rb:31:in `call'
railties (5.1.7) lib/rails/rack/logger.rb:36:in `call_app'
railties (5.1.7) lib/rails/rack/logger.rb:24:in `block in call'
activesupport (5.1.7) lib/active_support/tagged_logging.rb:69:in `block in tagged'
activesupport (5.1.7) lib/active_support/tagged_logging.rb:26:in `tagged'
activesupport (5.1.7) lib/active_support/tagged_logging.rb:69:in `tagged'
railties (5.1.7) lib/rails/rack/logger.rb:24:in `call'
sprockets-rails (3.2.1) lib/sprockets/rails/quiet_assets.rb:13:in `call'
actionpack (5.1.7) lib/action_dispatch/middleware/remote_ip.rb:79:in `call'
actionpack (5.1.7) lib/action_dispatch/middleware/request_id.rb:25:in `call'
rack (2.2.2) lib/rack/method_override.rb:24:in `call'
rack (2.2.2) lib/rack/runtime.rb:22:in `call'
activesupport (5.1.7) lib/active_support/cache/strategy/local_cache_middleware.rb:27:in `call'
actionpack (5.1.7) lib/action_dispatch/middleware/executor.rb:12:in `call'
actionpack (5.1.7) lib/action_dispatch/middleware/static.rb:125:in `call'
rack (2.2.2) lib/rack/sendfile.rb:110:in `call'
railties (5.1.7) lib/rails/engine.rb:522:in `call'
puma (3.12.4) lib/puma/configuration.rb:227:in `call'
puma (3.12.4) lib/puma/server.rb:675:in `handle_request'
puma (3.12.4) lib/puma/server.rb:476:in `process_client'
puma (3.12.4) lib/puma/server.rb:334:in `block in run'
puma (3.12.4) lib/puma/thread_pool.rb:135:in `block in spawn_thread'
Started PATCH "/articles" for ::1 at 2020-03-15 20:55:06 +0900
  
ActionController::RoutingError (No route matches [PATCH] "/articles"):
  
actionpack (5.1.7) lib/action_dispatch/middleware/debug_exceptions.rb:63:in `call'
web-console (3.7.0) lib/web_console/middleware.rb:135:in `call_app'
web-console (3.7.0) lib/web_console/middleware.rb:30:in `block in call'
web-console (3.7.0) lib/web_console/middleware.rb:20:in `catch'
web-console (3.7.0) lib/web_console/middleware.rb:20:in `call'
actionpack (5.1.7) lib/action_dispatch/middleware/show_exceptions.rb:31:in `call'
railties (5.1.7) lib/rails/rack/logger.rb:36:in `call_app'
railties (5.1.7) lib/rails/rack/logger.rb:24:in `block in call'
activesupport (5.1.7) lib/active_support/tagged_logging.rb:69:in `block in tagged'
activesupport (5.1.7) lib/active_support/tagged_logging.rb:26:in `tagged'
activesupport (5.1.7) lib/active_support/tagged_logging.rb:69:in `tagged'
railties (5.1.7) lib/rails/rack/logger.rb:24:in `call'
sprockets-rails (3.2.1) lib/sprockets/rails/quiet_assets.rb:13:in `call'
actionpack (5.1.7) lib/action_dispatch/middleware/remote_ip.rb:79:in `call'
actionpack (5.1.7) lib/action_dispatch/middleware/request_id.rb:25:in `call'
rack (2.2.2) lib/rack/method_override.rb:24:in `call'
rack (2.2.2) lib/rack/runtime.rb:22:in `call'
activesupport (5.1.7) lib/active_support/cache/strategy/local_cache_middleware.rb:27:in `call'
actionpack (5.1.7) lib/action_dispatch/middleware/executor.rb:12:in `call'
actionpack (5.1.7) lib/action_dispatch/middleware/static.rb:125:in `call'
rack (2.2.2) lib/rack/sendfile.rb:110:in `call'
railties (5.1.7) lib/rails/engine.rb:522:in `call'
puma (3.12.4) lib/puma/configuration.rb:227:in `call'
puma (3.12.4) lib/puma/server.rb:675:in `handle_request'
puma (3.12.4) lib/puma/server.rb:476:in `process_client'
puma (3.12.4) lib/puma/server.rb:334:in `block in run'
puma (3.12.4) lib/puma/thread_pool.rb:135:in `block in spawn_thread'
Started GET "/" for ::1 at 2020-03-15 20:55:15 +0900
Processing by WelcomeController#index as HTML
  Rendering welcome/index.html.erb within layouts/application
  Rendered welcome/index.html.erb within layouts/application (0.0ms)
Completed 200 OK in 119ms (Views: 108.4ms | ActiveRecord: 0.0ms)


Started GET "/articles" for ::1 at 2020-03-15 20:55:16 +0900
Processing by ArticlesController#index as HTML
  Rendering articles/index.html.erb within layouts/application
  [1m[36mArticle Load (0.0ms)[0m  [1m[34mSELECT "articles".* FROM "articles"[0m
  Rendered articles/index.html.erb within layouts/application (5.0ms)
Completed 200 OK in 115ms (Views: 104.2ms | ActiveRecord: 0.0ms)


Started GET "/articles/new" for ::1 at 2020-03-15 20:55:18 +0900
Processing by ArticlesController#new as HTML
  Rendering articles/new.html.erb within layouts/application
  Rendered articles/new.html.erb within layouts/application (11.0ms)
Completed 500 Internal Server Error in 76ms (ActiveRecord: 0.0ms)


  
ActionView::Template::Error (No route matches {:action=>"show", :controller=>"articles"}, missing required keys: [:id]):
    1: <h1>新規記事作製</h1>
    2: 
    3: <%= form_for :article, url: article_path do |f|%>
    4:   <% if @article.errors.any? %>
    5:     <%= @article.errors.count %>個のエラーがあります<br>
    6:     <% end %>
  
app/views/articles/new.html.erb:3:in `_app_views_articles_new_html_erb__1998150162_42423260'
Started GET "/articles/new" for ::1 at 2020-03-15 20:55:32 +0900
Processing by ArticlesController#new as HTML
  Rendering articles/new.html.erb within layouts/application
  Rendered articles/new.html.erb within layouts/application (2.0ms)
Completed 200 OK in 97ms (Views: 85.0ms | ActiveRecord: 0.0ms)


Started GET "/articles" for ::1 at 2020-03-15 21:00:05 +0900
Processing by ArticlesController#index as HTML
  Rendering articles/index.html.erb within layouts/application
  [1m[36mArticle Load (1.0ms)[0m  [1m[34mSELECT "articles".* FROM "articles"[0m
  Rendered articles/index.html.erb within layouts/application (14.0ms)
Completed 200 OK in 120ms (Views: 103.3ms | ActiveRecord: 3.0ms)


Started GET "/articles/1/edit" for ::1 at 2020-03-15 21:00:06 +0900
Processing by ArticlesController#edit as HTML
  Parameters: {"id"=>"1"}
  [1m[36mArticle Load (0.0ms)[0m  [1m[34mSELECT  "articles".* FROM "articles" WHERE "articles"."id" = ? LIMIT ?[0m  [["id", 1], ["LIMIT", 1]]
  Rendering articles/edit.html.erb within layouts/application
  Rendered articles/edit.html.erb within layouts/application (2.0ms)
Completed 200 OK in 112ms (Views: 86.6ms | ActiveRecord: 0.0ms)


Started PATCH "/articles/1" for ::1 at 2020-03-15 21:00:11 +0900
Processing by ArticlesController#update as HTML
  Parameters: {"utf8"=>"✓", "authenticity_token"=>"B/gpiYk6I6oyz69m4XhzZZwITbehwytKxXLKWiY5Luzb9Om0Lk+y5Dl0ru+XtUOGwhC8w0dyLSDpZd+p4h5QPQ==", "article"=>{"title"=>"ba", "text"=>"がgi\r\n"}, "commit"=>"Save Article", "id"=>"1"}
  [1m[36mArticle Load (0.0ms)[0m  [1m[34mSELECT  "articles".* FROM "articles" WHERE "articles"."id" = ? LIMIT ?[0m  [["id", 1], ["LIMIT", 1]]
  [1m[35m (0.0ms)[0m  [1m[36mbegin transaction[0m
  [1m[35m (1.0ms)[0m  [1m[31mrollback transaction[0m
  Rendering articles/edit.html.erb within layouts/application
  Rendered articles/edit.html.erb within layouts/application (1.0ms)
Completed 200 OK in 91ms (Views: 83.8ms | ActiveRecord: 1.0ms)


Started PATCH "/articles/1" for ::1 at 2020-03-15 21:00:17 +0900
Processing by ArticlesController#update as HTML
  Parameters: {"utf8"=>"✓", "authenticity_token"=>"x8jO1ODWR27lTrnfARqREf4GK/H8YUO9PRSjI10MOiMLbGYuf7B0B8pbJ+fYQ6sISUSWTVfYSQ0DBZfNbPuilg==", "article"=>{"title"=>"badgage", "text"=>"がgi\r\n"}, "commit"=>"Save Article", "id"=>"1"}
  [1m[36mArticle Load (0.0ms)[0m  [1m[34mSELECT  "articles".* FROM "articles" WHERE "articles"."id" = ? LIMIT ?[0m  [["id", 1], ["LIMIT", 1]]
  [1m[35m (0.0ms)[0m  [1m[36mbegin transaction[0m
  [1m[35mSQL (1.0ms)[0m  [1m[33mUPDATE "articles" SET "title" = ?, "text" = ?, "updated_at" = ? WHERE "articles"."id" = ?[0m  [["title", "badgage"], ["text", "がgi\r\n"], ["updated_at", "2020-03-15 12:00:17.800047"], ["id", 1]]
  [1m[35m (38.9ms)[0m  [1m[36mcommit transaction[0m
Redirected to http://localhost:3000/articles/1
Completed 302 Found in 48ms (ActiveRecord: 39.9ms)


Started GET "/articles/1" for ::1 at 2020-03-15 21:00:17 +0900
Processing by ArticlesController#show as HTML
  Parameters: {"id"=>"1"}
  [1m[36mArticle Load (0.0ms)[0m  [1m[34mSELECT  "articles".* FROM "articles" WHERE "articles"."id" = ? LIMIT ?[0m  [["id", 1], ["LIMIT", 1]]
  Rendering articles/show.html.erb within layouts/application
  Rendered articles/show.html.erb within layouts/application (0.0ms)
Completed 200 OK in 98ms (Views: 83.3ms | ActiveRecord: 0.0ms)


Started GET "/articles" for ::1 at 2020-03-15 21:00:32 +0900
Processing by ArticlesController#index as HTML
  Rendering articles/index.html.erb within layouts/application
  [1m[36mArticle Load (1.0ms)[0m  [1m[34mSELECT "articles".* FROM "articles"[0m
  Rendered articles/index.html.erb within layouts/application (4.0ms)
Completed 200 OK in 99ms (Views: 84.7ms | ActiveRecord: 1.0ms)


Started GET "/articles" for ::1 at 2020-03-15 21:14:47 +0900
Processing by ArticlesController#index as HTML
  Rendering articles/index.html.erb within layouts/application
  [1m[36mArticle Load (1.0ms)[0m  [1m[34mSELECT "articles".* FROM "articles"[0m
  Rendered articles/index.html.erb within layouts/application (13.0ms)
Completed 200 OK in 152ms (Views: 105.4ms | ActiveRecord: 3.0ms)


Started DELETE "/articles/1" for ::1 at 2020-03-15 21:15:12 +0900
Processing by ArticlesController#destroy as HTML
  Parameters: {"authenticity_token"=>"5Ate0bltXofgUECCavaPdzOGRcNvjgHyUHsHbnnEBtYor/YrJgtt7s9F3rqzr7VuhMT4f8Q3C0JuajOASDOeYw==", "id"=>"1"}
  [1m[36mArticle Load (1.0ms)[0m  [1m[34mSELECT  "articles".* FROM "articles" WHERE "articles"."id" = ? LIMIT ?[0m  [["id", 1], ["LIMIT", 1]]
  [1m[35m (0.0ms)[0m  [1m[36mbegin transaction[0m
  [1m[35mSQL (1.0ms)[0m  [1m[31mDELETE FROM "articles" WHERE "articles"."id" = ?[0m  [["id", 1]]
  [1m[35m (32.6ms)[0m  [1m[36mcommit transaction[0m
Redirected to http://localhost:3000/articles
Completed 302 Found in 54ms (ActiveRecord: 35.6ms)


Started GET "/articles" for ::1 at 2020-03-15 21:15:12 +0900
Processing by ArticlesController#index as HTML
  Rendering articles/index.html.erb within layouts/application
  [1m[36mArticle Load (0.0ms)[0m  [1m[34mSELECT "articles".* FROM "articles"[0m
  Rendered articles/index.html.erb within layouts/application (3.0ms)
Completed 200 OK in 101ms (Views: 88.4ms | ActiveRecord: 0.0ms)


Started GET "/articles/new" for ::1 at 2020-03-15 21:21:35 +0900
Processing by ArticlesController#new as HTML
  Rendering articles/new.html.erb within layouts/application
  Rendered articles/_form.html.erb (9.1ms)
  Rendered articles/new.html.erb within layouts/application (60.7ms)
Completed 200 OK in 177ms (Views: 152.8ms | ActiveRecord: 0.0ms)


Started POST "/articles" for ::1 at 2020-03-15 21:21:46 +0900
Processing by ArticlesController#create as HTML
  Parameters: {"utf8"=>"✓", "authenticity_token"=>"haq3ej8eeYEYuQQVY/VScxbo+aQCtxdoVhvwX2XLKFXAVgAd6cPnHsYL1YwnGvV9Hpqlep2d1CoA+tJ5M60CTg==", "article"=>{"title"=>"pa-syarudesu", "text"=>"korehapa-syaru"}, "commit"=>"Create Article"}
  [1m[35m (0.0ms)[0m  [1m[36mbegin transaction[0m
  [1m[35mSQL (2.0ms)[0m  [1m[32mINSERT INTO "articles" ("title", "text", "created_at", "updated_at") VALUES (?, ?, ?, ?)[0m  [["title", "pa-syarudesu"], ["text", "korehapa-syaru"], ["created_at", "2020-03-15 12:21:46.522597"], ["updated_at", "2020-03-15 12:21:46.522597"]]
  [1m[35m (28.0ms)[0m  [1m[36mcommit transaction[0m
Redirected to http://localhost:3000/articles/4
Completed 302 Found in 49ms (ActiveRecord: 30.0ms)


Started GET "/articles/4" for ::1 at 2020-03-15 21:21:46 +0900
Processing by ArticlesController#show as HTML
  Parameters: {"id"=>"4"}
  [1m[36mArticle Load (1.0ms)[0m  [1m[34mSELECT  "articles".* FROM "articles" WHERE "articles"."id" = ? LIMIT ?[0m  [["id", 4], ["LIMIT", 1]]
  Rendering articles/show.html.erb within layouts/application
  Rendered articles/show.html.erb within layouts/application (2.0ms)
Completed 200 OK in 120ms (Views: 101.7ms | ActiveRecord: 1.0ms)


Started GET "/articles" for ::1 at 2020-03-15 21:21:47 +0900
Processing by ArticlesController#index as HTML
  Rendering articles/index.html.erb within layouts/application
  [1m[36mArticle Load (0.0ms)[0m  [1m[34mSELECT "articles".* FROM "articles"[0m
  Rendered articles/index.html.erb within layouts/application (11.0ms)
Completed 200 OK in 160ms (Views: 147.6ms | ActiveRecord: 0.0ms)


Started GET "/articles/4/edit" for ::1 at 2020-03-15 21:21:50 +0900
Processing by ArticlesController#edit as HTML
  Parameters: {"id"=>"4"}
  [1m[36mArticle Load (0.0ms)[0m  [1m[34mSELECT  "articles".* FROM "articles" WHERE "articles"."id" = ? LIMIT ?[0m  [["id", 4], ["LIMIT", 1]]
  Rendering articles/edit.html.erb within layouts/application
  Rendered articles/_form.html.erb (2.4ms)
  Rendered articles/edit.html.erb within layouts/application (15.4ms)
Completed 200 OK in 135ms (Views: 106.3ms | ActiveRecord: 0.0ms)


Started PATCH "/articles/4" for ::1 at 2020-03-15 21:21:53 +0900
Processing by ArticlesController#update as HTML
  Parameters: {"utf8"=>"✓", "authenticity_token"=>"/HcWel/2M4bH4h8hZqzwVfnq9B8Oz3J1LsRf5d6ZhBSXxOJItL/Urr4f/aKw6Ij7YD22p/f3Qx2OOhI1Sol7iw==", "article"=>{"title"=>"pa-syarudesu%%%", "text"=>"korehapa-syaru"}, "commit"=>"Update Article", "id"=>"4"}
  [1m[36mArticle Load (1.0ms)[0m  [1m[34mSELECT  "articles".* FROM "articles" WHERE "articles"."id" = ? LIMIT ?[0m  [["id", 4], ["LIMIT", 1]]
  [1m[35m (0.0ms)[0m  [1m[36mbegin transaction[0m
  [1m[35mSQL (2.0ms)[0m  [1m[33mUPDATE "articles" SET "title" = ?, "updated_at" = ? WHERE "articles"."id" = ?[0m  [["title", "pa-syarudesu%%%"], ["updated_at", "2020-03-15 12:21:53.858725"], ["id", 4]]
  [1m[35m (27.2ms)[0m  [1m[36mcommit transaction[0m
Redirected to http://localhost:3000/articles/4
Completed 302 Found in 48ms (ActiveRecord: 30.2ms)


Started GET "/articles/4" for ::1 at 2020-03-15 21:21:53 +0900
Processing by ArticlesController#show as HTML
  Parameters: {"id"=>"4"}
  [1m[36mArticle Load (0.0ms)[0m  [1m[34mSELECT  "articles".* FROM "articles" WHERE "articles"."id" = ? LIMIT ?[0m  [["id", 4], ["LIMIT", 1]]
  Rendering articles/show.html.erb within layouts/application
  Rendered articles/show.html.erb within layouts/application (0.7ms)
Completed 200 OK in 136ms (Views: 124.0ms | ActiveRecord: 0.0ms)


Started GET "/articles" for ::1 at 2020-03-15 21:21:55 +0900
Processing by ArticlesController#index as HTML
  Rendering articles/index.html.erb within layouts/application
  [1m[36mArticle Load (1.0ms)[0m  [1m[34mSELECT "articles".* FROM "articles"[0m
  Rendered articles/index.html.erb within layouts/application (4.0ms)
Completed 200 OK in 104ms (Views: 90.9ms | ActiveRecord: 1.0ms)


Started GET "/articles/2/edit" for ::1 at 2020-03-15 21:24:15 +0900
Processing by ArticlesController#edit as HTML
  Parameters: {"id"=>"2"}
  [1m[36mArticle Load (0.0ms)[0m  [1m[34mSELECT  "articles".* FROM "articles" WHERE "articles"."id" = ? LIMIT ?[0m  [["id", 2], ["LIMIT", 1]]
  Rendering articles/edit.html.erb within layouts/application
  Rendered articles/_form.html.erb (13.0ms)
  Rendered articles/edit.html.erb within layouts/application (28.0ms)
Completed 200 OK in 166ms (Views: 127.7ms | ActiveRecord: 5.0ms)


Started GET "/articles/2" for ::1 at 2020-03-15 21:24:18 +0900
Processing by ArticlesController#show as HTML
  Parameters: {"id"=>"2"}
  [1m[36mArticle Load (0.0ms)[0m  [1m[34mSELECT  "articles".* FROM "articles" WHERE "articles"."id" = ? LIMIT ?[0m  [["id", 2], ["LIMIT", 1]]
  Rendering articles/show.html.erb within layouts/application
  Rendered articles/show.html.erb within layouts/application (2.0ms)
Completed 200 OK in 117ms (Views: 103.2ms | ActiveRecord: 0.0ms)


Started GET "/articles/2" for ::1 at 2020-03-15 21:25:21 +0900
Processing by ArticlesController#show as HTML
  Parameters: {"id"=>"2"}
  [1m[36mArticle Load (1.0ms)[0m  [1m[34mSELECT  "articles".* FROM "articles" WHERE "articles"."id" = ? LIMIT ?[0m  [["id", 2], ["LIMIT", 1]]
  Rendering articles/show.html.erb within layouts/application
  Rendered articles/show.html.erb within layouts/application (4.0ms)
Completed 200 OK in 160ms (Views: 104.9ms | ActiveRecord: 18.0ms)


Started GET "/articles/4/edit" for ::1 at 2020-03-15 21:25:31 +0900
Processing by ArticlesController#edit as HTML
  Parameters: {"id"=>"4"}
  [1m[36mArticle Load (0.0ms)[0m  [1m[34mSELECT  "articles".* FROM "articles" WHERE "articles"."id" = ? LIMIT ?[0m  [["id", 4], ["LIMIT", 1]]
  [1m[36mCACHE Article Load (0.0ms)[0m  [1m[34mSELECT  "articles".* FROM "articles" WHERE "articles"."id" = ? LIMIT ?[0m  [["id", 4], ["LIMIT", 1]]
  Rendering articles/edit.html.erb within layouts/application
  Rendered articles/_form.html.erb (4.5ms)
  Rendered articles/edit.html.erb within layouts/application (16.5ms)
Completed 200 OK in 125ms (Views: 107.1ms | ActiveRecord: 0.0ms)


Started PATCH "/articles/4" for ::1 at 2020-03-15 21:25:32 +0900
Processing by ArticlesController#update as HTML
  Parameters: {"utf8"=>"✓", "authenticity_token"=>"uIm2nk4pfyS74ngwBDKTF2rePe3yPZvhxt6n9xAn46PTOkKspWCYDMIfmrPSduu58wl/VQsFqolmIOonhDccPA==", "article"=>{"title"=>"pa-syarudesu%%%", "text"=>"korehapa-syaru"}, "commit"=>"Update Article", "id"=>"4"}
  [1m[36mArticle Load (0.0ms)[0m  [1m[34mSELECT  "articles".* FROM "articles" WHERE "articles"."id" = ? LIMIT ?[0m  [["id", 4], ["LIMIT", 1]]
  [1m[36mCACHE Article Load (0.0ms)[0m  [1m[34mSELECT  "articles".* FROM "articles" WHERE "articles"."id" = ? LIMIT ?[0m  [["id", 4], ["LIMIT", 1]]
  [1m[35m (0.0ms)[0m  [1m[36mbegin transaction[0m
  [1m[35m (0.0ms)[0m  [1m[36mcommit transaction[0m
Redirected to http://localhost:3000/articles/4
Completed 302 Found in 9ms (ActiveRecord: 0.0ms)


Started GET "/articles/4" for ::1 at 2020-03-15 21:25:32 +0900
Processing by ArticlesController#show as HTML
  Parameters: {"id"=>"4"}
  [1m[36mArticle Load (0.0ms)[0m  [1m[34mSELECT  "articles".* FROM "articles" WHERE "articles"."id" = ? LIMIT ?[0m  [["id", 4], ["LIMIT", 1]]
  Rendering articles/show.html.erb within layouts/application
  Rendered articles/show.html.erb within layouts/application (2.0ms)
Completed 200 OK in 94ms (Views: 80.9ms | ActiveRecord: 0.0ms)


Started GET "/articles" for ::1 at 2020-03-15 21:25:33 +0900
Processing by ArticlesController#index as HTML
  [1m[36mArticle Load (0.0ms)[0m  [1m[34mSELECT  "articles".* FROM "articles" WHERE "articles"."id" = ? LIMIT ?[0m  [["id", nil], ["LIMIT", 1]]
Completed 404 Not Found in 10ms (ActiveRecord: 0.0ms)


  
ActiveRecord::RecordNotFound (Couldn't find Article with 'id'=):
  
app/controllers/articles_controller.rb:52:in `set_article'
Started GET "/articles" for ::1 at 2020-03-15 21:26:40 +0900
Processing by ArticlesController#index as HTML
  Rendering articles/index.html.erb within layouts/application
  [1m[36mArticle Load (0.0ms)[0m  [1m[34mSELECT "articles".* FROM "articles"[0m
  Rendered articles/index.html.erb within layouts/application (28.0ms)
Completed 200 OK in 316ms (Views: 251.3ms | ActiveRecord: 2.0ms)


Started GET "/articles/2" for ::1 at 2020-03-15 21:26:45 +0900
Processing by ArticlesController#show as HTML
  Parameters: {"id"=>"2"}
  [1m[36mArticle Load (0.0ms)[0m  [1m[34mSELECT  "articles".* FROM "articles" WHERE "articles"."id" = ? LIMIT ?[0m  [["id", 2], ["LIMIT", 1]]
  Rendering articles/show.html.erb within layouts/application
  Rendered articles/show.html.erb within layouts/application (1.0ms)
Completed 200 OK in 113ms (Views: 88.6ms | ActiveRecord: 0.0ms)


Started GET "/articles" for ::1 at 2020-03-15 21:26:48 +0900
Processing by ArticlesController#index as HTML
  Rendering articles/index.html.erb within layouts/application
  [1m[36mArticle Load (0.0ms)[0m  [1m[34mSELECT "articles".* FROM "articles"[0m
  Rendered articles/index.html.erb within layouts/application (6.0ms)
Completed 200 OK in 112ms (Views: 100.0ms | ActiveRecord: 0.0ms)


Started GET "/articles" for ::1 at 2020-03-15 21:27:14 +0900
Processing by ArticlesController#index as HTML
  Rendering articles/index.html.erb within layouts/application
  [1m[36mArticle Load (1.0ms)[0m  [1m[34mSELECT "articles".* FROM "articles"[0m
  Rendered articles/index.html.erb within layouts/application (25.3ms)
Completed 200 OK in 147ms (Views: 129.4ms | ActiveRecord: 2.0ms)


Started GET "/articles/2" for ::1 at 2020-03-15 21:27:15 +0900
Processing by ArticlesController#show as HTML
  Parameters: {"id"=>"2"}
  [1m[36mArticle Load (1.0ms)[0m  [1m[34mSELECT  "articles".* FROM "articles" WHERE "articles"."id" = ? LIMIT ?[0m  [["id", 2], ["LIMIT", 1]]
  Rendering articles/show.html.erb within layouts/application
  Rendered articles/show.html.erb within layouts/application (1.0ms)
Completed 200 OK in 100ms (Views: 87.1ms | ActiveRecord: 1.0ms)


Started GET "/articles" for ::1 at 2020-03-15 21:27:16 +0900
Processing by ArticlesController#index as HTML
  Rendering articles/index.html.erb within layouts/application
  [1m[36mArticle Load (0.0ms)[0m  [1m[34mSELECT "articles".* FROM "articles"[0m
  Rendered articles/index.html.erb within layouts/application (25.8ms)
Completed 200 OK in 125ms (Views: 113.2ms | ActiveRecord: 0.0ms)


Started GET "/articles/2/edit" for ::1 at 2020-03-15 21:27:17 +0900
Processing by ArticlesController#edit as HTML
  Parameters: {"id"=>"2"}
  [1m[36mArticle Load (0.0ms)[0m  [1m[34mSELECT  "articles".* FROM "articles" WHERE "articles"."id" = ? LIMIT ?[0m  [["id", 2], ["LIMIT", 1]]
  Rendering articles/edit.html.erb within layouts/application
  Rendered articles/_form.html.erb (2.0ms)
  Rendered articles/edit.html.erb within layouts/application (19.0ms)
Completed 200 OK in 123ms (Views: 103.6ms | ActiveRecord: 0.0ms)


Started DELETE "/articles/4" for ::1 at 2020-03-15 21:27:20 +0900
Processing by ArticlesController#destroy as HTML
  Parameters: {"authenticity_token"=>"zA6nyZe3A+v10RZRjvXB7W63JT5ZT/UiF4L+UFA6k8MAqg8zCNEwgtrEiGlXrPv02fWYgvL2/5Ipk8q+Yc0Ldg==", "id"=>"4"}
  [1m[36mArticle Load (0.0ms)[0m  [1m[34mSELECT  "articles".* FROM "articles" WHERE "articles"."id" = ? LIMIT ?[0m  [["id", 4], ["LIMIT", 1]]
  [1m[35m (0.0ms)[0m  [1m[36mbegin transaction[0m
  [1m[35mSQL (1.8ms)[0m  [1m[31mDELETE FROM "articles" WHERE "articles"."id" = ?[0m  [["id", 4]]
  [1m[35m (33.2ms)[0m  [1m[36mcommit transaction[0m
Redirected to http://localhost:3000/articles
Completed 302 Found in 43ms (ActiveRecord: 35.0ms)


Started GET "/articles" for ::1 at 2020-03-15 21:27:20 +0900
Processing by ArticlesController#index as HTML
  Rendering articles/index.html.erb within layouts/application
  [1m[36mArticle Load (0.0ms)[0m  [1m[34mSELECT "articles".* FROM "articles"[0m
  Rendered articles/index.html.erb within layouts/application (3.0ms)
Completed 200 OK in 98ms (Views: 88.0ms | ActiveRecord: 0.0ms)


Started GET "/articles" for ::1 at 2020-03-15 21:29:27 +0900
Processing by ArticlesController#index as HTML
  Rendering articles/index.html.erb within layouts/application
  [1m[36mArticle Load (0.0ms)[0m  [1m[34mSELECT "articles".* FROM "articles"[0m
  Rendered articles/index.html.erb within layouts/application (4.9ms)
Completed 200 OK in 145ms (Views: 103.4ms | ActiveRecord: 0.0ms)


Started GET "/articles" for ::1 at 2020-03-15 21:32:21 +0900
Processing by ArticlesController#index as HTML
  Rendering articles/index.html.erb within layouts/application
  [1m[36mArticle Load (1.0ms)[0m  [1m[34mSELECT "articles".* FROM "articles"[0m
  Rendered articles/index.html.erb within layouts/application (442.1ms)
Completed 200 OK in 1027ms (Views: 982.2ms | ActiveRecord: 1.0ms)


Started GET "/articles" for ::1 at 2020-03-15 21:33:32 +0900
Processing by ArticlesController#index as HTML
  Rendering articles/index.html.erb within layouts/application
  [1m[36mArticle Load (0.3ms)[0m  [1m[34mSELECT "articles".* FROM "articles"[0m
  Rendered articles/index.html.erb within layouts/application (55.1ms)
Completed 200 OK in 613ms (Views: 537.6ms | ActiveRecord: 0.3ms)


Started GET "/articles" for ::1 at 2020-03-15 21:34:50 +0900
Processing by ArticlesController#index as HTML
  Rendering articles/index.html.erb within layouts/application
  [1m[36mArticle Load (0.0ms)[0m  [1m[34mSELECT "articles".* FROM "articles"[0m
  Rendered articles/index.html.erb within layouts/application (20.9ms)
Completed 200 OK in 457ms (Views: 412.5ms | ActiveRecord: 0.0ms)


Started GET "/articles" for ::1 at 2020-03-15 21:37:22 +0900
Processing by ArticlesController#index as HTML
  Rendering articles/index.html.erb within layouts/application
  [1m[36mArticle Load (0.0ms)[0m  [1m[34mSELECT "articles".* FROM "articles"[0m
  Rendered articles/index.html.erb within layouts/application (342.5ms)
Completed 200 OK in 502ms (Views: 462.0ms | ActiveRecord: 0.0ms)


  [1m[35m (0.0ms)[0m  [1m[34mSELECT "schema_migrations"."version" FROM "schema_migrations" ORDER BY "schema_migrations"."version" ASC[0m
Migrating to AddImgToArticles (20200315130705)
  [1m[35m (0.0ms)[0m  [1m[36mbegin transaction[0m
  [1m[35m (2.8ms)[0m  [1m[35mALTER TABLE "articles" ADD "img" varchar[0m
  [1m[35mSQL (0.0ms)[0m  [1m[32mINSERT INTO "schema_migrations" ("version") VALUES (?)[0m  [["version", "20200315130705"]]
  [1m[35m (30.5ms)[0m  [1m[36mcommit transaction[0m
  [1m[36mActiveRecord::InternalMetadata Load (0.0ms)[0m  [1m[34mSELECT  "ar_internal_metadata".* FROM "ar_internal_metadata" WHERE "ar_internal_metadata"."key" = ? LIMIT ?[0m  [["key", "environment"], ["LIMIT", 1]]
  [1m[35m (0.0ms)[0m  [1m[36mbegin transaction[0m
  [1m[35m (0.0ms)[0m  [1m[36mcommit transaction[0m
  [1m[35m (1.0ms)[0m  [1m[34mSELECT "schema_migrations"."version" FROM "schema_migrations" ORDER BY "schema_migrations"."version" ASC[0m
